0 info it worked if it ends with ok
1 verbose cli [ 'C:\\Program Files\\nodejs\\node.exe',
1 verbose cli   'C:\\Program Files\\nodejs\\node_modules\\npm\\bin\\npm-cli.js',
1 verbose cli   'start' ]
2 info using npm@3.10.9
3 info using node@v6.9.2
4 verbose run-script [ 'prestart', 'start', 'poststart' ]
5 info lifecycle product-management@1.0.0~prestart: product-management@1.0.0
6 verbose lifecycle product-management@1.0.0~prestart: unsafe-perm in lifecycle true
7 verbose lifecycle product-management@1.0.0~prestart: PATH: C:\Program Files\nodejs\node_modules\npm\bin\node-gyp-bin;C:\shanker K\Mean Stack App 13 June 2017\mytasklist\client\node_modules\.bin;C:\ProgramData\Oracle\Java\javapath;C:\Windows\system32;C:\Windows;C:\Windows\System32\Wbem;C:\Windows\System32\WindowsPowerShell\v1.0\;C:\Program Files\TortoiseSVN\bin;C:\Program Files (x86)\Skype\Phone\;C:\Program Files\Java\jdk1.8.0_91\bin;C:\Program Files (x86)\Brackets\command;C:\Program Files\nodejs\
8 verbose lifecycle product-management@1.0.0~prestart: CWD: C:\shanker K\Mean Stack App 13 June 2017\mytasklist\client
9 silly lifecycle product-management@1.0.0~prestart: Args: [ '/d /s /c', 'npm run build' ]
10 silly lifecycle product-management@1.0.0~prestart: Returned: code: 0  signal: null
11 info lifecycle product-management@1.0.0~start: product-management@1.0.0
12 verbose lifecycle product-management@1.0.0~start: unsafe-perm in lifecycle true
13 verbose lifecycle product-management@1.0.0~start: PATH: C:\Program Files\nodejs\node_modules\npm\bin\node-gyp-bin;C:\shanker K\Mean Stack App 13 June 2017\mytasklist\client\node_modules\.bin;C:\ProgramData\Oracle\Java\javapath;C:\Windows\system32;C:\Windows;C:\Windows\System32\Wbem;C:\Windows\System32\WindowsPowerShell\v1.0\;C:\Program Files\TortoiseSVN\bin;C:\Program Files (x86)\Skype\Phone\;C:\Program Files\Java\jdk1.8.0_91\bin;C:\Program Files (x86)\Brackets\command;C:\Program Files\nodejs\
14 verbose lifecycle product-management@1.0.0~start: CWD: C:\shanker K\Mean Stack App 13 June 2017\mytasklist\client
15 silly lifecycle product-management@1.0.0~start: Args: [ '/d /s /c',
15 silly lifecycle   'concurrently "npm run build:watch" "npm run serve"' ]
16 silly lifecycle product-management@1.0.0~start: Returned: code: 3221225786  signal: null
17 info lifecycle product-management@1.0.0~start: Failed to exec start script
18 verbose stack Error: product-management@1.0.0 start: `concurrently "npm run build:watch" "npm run serve"`
18 verbose stack Exit status 3221225786
18 verbose stack     at EventEmitter.<anonymous> (C:\Program Files\nodejs\node_modules\npm\lib\utils\lifecycle.js:255:16)
18 verbose stack     at emitTwo (events.js:106:13)
18 verbose stack     at EventEmitter.emit (events.js:191:7)
18 verbose stack     at ChildProcess.<anonymous> (C:\Program Files\nodejs\node_modules\npm\lib\utils\spawn.js:40:14)
18 verbose stack     at emitTwo (events.js:106:13)
18 verbose stack     at ChildProcess.emit (events.js:191:7)
18 verbose stack     at maybeClose (internal/child_process.js:877:16)
18 verbose stack     at Process.ChildProcess._handle.onexit (internal/child_process.js:226:5)
19 verbose pkgid product-management@1.0.0
20 verbose cwd C:\shanker K\Mean Stack App 13 June 2017\mytasklist\client
21 error Windows_NT 10.0.10586
22 error argv "C:\\Program Files\\nodejs\\node.exe" "C:\\Program Files\\nodejs\\node_modules\\npm\\bin\\npm-cli.js" "start"
23 error node v6.9.2
24 error npm  v3.10.9
25 error code ELIFECYCLE
26 error product-management@1.0.0 start: `concurrently "npm run build:watch" "npm run serve"`
26 error Exit status 3221225786
27 error Failed at the product-management@1.0.0 start script 'concurrently "npm run build:watch" "npm run serve"'.
27 error Make sure you have the latest version of node.js and npm installed.
27 error If you do, this is most likely a problem with the product-management package,
27 error not with npm itself.
27 error Tell the author that this fails on your system:
27 error     concurrently "npm run build:watch" "npm run serve"
27 error You can get information on how to open an issue for this project with:
27 error     npm bugs product-management
27 error Or if that isn't available, you can get their info via:
27 error     npm owner ls product-management
27 error There is likely additional logging output above.
28 verbose exit [ 1, true ]
